  Curves.cpp
C:\Users\lucca\Desktop\Faculdade\2022-1\Computação Grafica\Curva Bezier\AV02 - Curvas\Curves.cpp(175,56): warning C4267: 'argumento': conversão de 'size_t' para 'int', possível perda de dados
C:\Users\lucca\Desktop\Faculdade\2022-1\Computação Grafica\Curva Bezier\AV02 - Curvas\Curves.cpp(221,47): warning C4267: 'argumento': conversão de 'size_t' para 'int', possível perda de dados
C:\Users\lucca\Desktop\Faculdade\2022-1\Computação Grafica\Curva Bezier\AV02 - Curvas\Curves.cpp(247,12): warning C4244: 'inicializando': conversão de 'double' para 'float', possível perda de dados
C:\Users\lucca\Desktop\Faculdade\2022-1\Computação Grafica\Curva Bezier\AV02 - Curvas\Curves.cpp(248,12): warning C4244: 'inicializando': conversão de 'double' para 'float', possível perda de dados
C:\Users\lucca\Desktop\Faculdade\2022-1\Computação Grafica\Curva Bezier\AV02 - Curvas\Curves.cpp(368,47): warning C4267: 'argumento': conversão de 'size_t' para 'GLsizei', possível perda de dados
C:\Users\lucca\Desktop\Faculdade\2022-1\Computação Grafica\Curva Bezier\AV02 - Curvas\Curves.cpp(382,87): warning C4267: 'argumento': conversão de 'size_t' para 'GLsizei', possível perda de dados
C:\Users\lucca\Desktop\Faculdade\2022-1\Computação Grafica\Curva Bezier\AV02 - Curvas\Curves.cpp(395,87): warning C4267: 'argumento': conversão de 'size_t' para 'GLsizei', possível perda de dados
C:\Users\lucca\Desktop\Faculdade\2022-1\Computação Grafica\Curva Bezier\AV02 - Curvas\Curves.cpp(405,61): warning C4267: 'inicializando': conversão de 'size_t' para 'int', possível perda de dados
C:\Users\lucca\Desktop\Faculdade\2022-1\Computação Grafica\Curva Bezier\AV02 - Curvas\Curves.cpp(411,93): warning C4244: '+=': conversão de 'double' para 'float', possível perda de dados
C:\Users\lucca\Desktop\Faculdade\2022-1\Computação Grafica\Curva Bezier\AV02 - Curvas\Curves.cpp(412,93): warning C4244: '+=': conversão de 'double' para 'float', possível perda de dados
C:\Users\lucca\Desktop\Faculdade\2022-1\Computação Grafica\Curva Bezier\AV02 - Curvas\Curves.cpp(453,57): warning C4267: 'inicializando': conversão de 'size_t' para 'int', possível perda de dados
C:\Users\lucca\Desktop\Faculdade\2022-1\Computação Grafica\Curva Bezier\AV02 - Curvas\Curves.cpp(463,35): warning C4244: '+=': conversão de 'double' para 'float', possível perda de dados
C:\Users\lucca\Desktop\Faculdade\2022-1\Computação Grafica\Curva Bezier\AV02 - Curvas\Curves.cpp(464,35): warning C4244: '+=': conversão de 'double' para 'float', possível perda de dados
  main.cpp
  Shader.cpp
  VAO.cpp
C:\Users\lucca\Desktop\Faculdade\2022-1\Computação Grafica\Curva Bezier\AV02 - Curvas\VAO.cpp(11,63): warning C4244: 'argumento': conversão de 'GLsizeiptr' para 'GLsizei', possível perda de dados
  VBO.cpp
  Gerando Código...
LINK : warning LNK4098: defaultlib 'MSVCRT' conflita com uso de outras bibliotecas; use /NODEFAULTLIB:library
  AV02 - Curvas.vcxproj -> C:\Users\lucca\Desktop\Faculdade\2022-1\Computação Grafica\Curva Bezier\AV02 - Curvas\x64\Debug\AV02 - Curvas.exe
